[16-Jan-2022 15:31:33 UTC] PHP Fatal error:  Constant expression contains invalid operations in /Users/lss/Developer/asicseller/app/Product.php on line 15
[16-Jan-2022 15:34:28 UTC] PHP Fatal error:  Constant expression contains invalid operations in /Users/lss/Developer/asicseller/app/Product.php on line 15
[16-Jan-2022 15:38:13 UTC] PHP Fatal error:  Uncaught RuntimeException: A facade root has not been set. in /Users/lss/Developer/asicseller/vendor/laravel/framework/src/Illuminate/Support/Facades/Facade.php:258
Stack trace:
#0 /Users/lss/Developer/asicseller/vendor/laravel/framework/src/Illuminate/Foundation/Exceptions/Handler.php(426): Illuminate\Support\Facades\Facade::__callStatic('replaceNamespac...', Array)
#1 /Users/lss/Developer/asicseller/vendor/laravel/framework/src/Illuminate/Foundation/Exceptions/Handler.php(403): Illuminate\Foundation\Exceptions\Handler->registerErrorViewPaths()
#2 /Users/lss/Developer/asicseller/vendor/laravel/framework/src/Illuminate/Foundation/Exceptions/Handler.php(314): Illuminate\Foundation\Exceptions\Handler->renderHttpException(Object(Symfony\Component\HttpKernel\Exception\HttpException))
#3 /Users/lss/Developer/asicseller/vendor/laravel/framework/src/Illuminate/Foundation/Exceptions/Handler.php(211): Illuminate\Foundation\Exceptions\Handler->prepareResponse(Object(Illuminate\Http\Request), Object(Symfony\Component\Ht in /Users/lss/Developer/asicseller/vendor/laravel/framework/src/Illuminate/Support/Facades/Facade.php on line 258
[17-Jan-2022 09:40:30 UTC] PHP Fatal error:  Uncaught RuntimeException: A facade root has not been set. in /Users/lss/Developer/asicseller/vendor/laravel/framework/src/Illuminate/Support/Facades/Facade.php:258
Stack trace:
#0 /Users/lss/Developer/asicseller/vendor/laravel/framework/src/Illuminate/Foundation/Exceptions/Handler.php(426): Illuminate\Support\Facades\Facade::__callStatic('replaceNamespac...', Array)
#1 /Users/lss/Developer/asicseller/vendor/laravel/framework/src/Illuminate/Foundation/Exceptions/Handler.php(403): Illuminate\Foundation\Exceptions\Handler->registerErrorViewPaths()
#2 /Users/lss/Developer/asicseller/vendor/laravel/framework/src/Illuminate/Foundation/Exceptions/Handler.php(314): Illuminate\Foundation\Exceptions\Handler->renderHttpException(Object(Symfony\Component\HttpKernel\Exception\HttpException))
#3 /Users/lss/Developer/asicseller/vendor/laravel/framework/src/Illuminate/Foundation/Exceptions/Handler.php(211): Illuminate\Foundation\Exceptions\Handler->prepareResponse(Object(Illuminate\Http\Request), Object(Symfony\Component\Ht in /Users/lss/Developer/asicseller/vendor/laravel/framework/src/Illuminate/Support/Facades/Facade.php on line 258
[17-Jan-2022 10:07:09 UTC] PHP Fatal error:  Uncaught RuntimeException: A facade root has not been set. in /Users/lss/Developer/asicseller/vendor/laravel/framework/src/Illuminate/Support/Facades/Facade.php:258
Stack trace:
#0 /Users/lss/Developer/asicseller/vendor/laravel/framework/src/Illuminate/Foundation/Exceptions/Handler.php(426): Illuminate\Support\Facades\Facade::__callStatic('replaceNamespac...', Array)
#1 /Users/lss/Developer/asicseller/vendor/laravel/framework/src/Illuminate/Foundation/Exceptions/Handler.php(403): Illuminate\Foundation\Exceptions\Handler->registerErrorViewPaths()
#2 /Users/lss/Developer/asicseller/vendor/laravel/framework/src/Illuminate/Foundation/Exceptions/Handler.php(314): Illuminate\Foundation\Exceptions\Handler->renderHttpException(Object(Symfony\Component\HttpKernel\Exception\HttpException))
#3 /Users/lss/Developer/asicseller/vendor/laravel/framework/src/Illuminate/Foundation/Exceptions/Handler.php(211): Illuminate\Foundation\Exceptions\Handler->prepareResponse(Object(Illuminate\Http\Request), Object(Symfony\Component\Ht in /Users/lss/Developer/asicseller/vendor/laravel/framework/src/Illuminate/Support/Facades/Facade.php on line 258
[17-Jan-2022 10:10:08 UTC] PHP Fatal error:  Uncaught RuntimeException: A facade root has not been set. in /Users/lss/Developer/asicseller/vendor/laravel/framework/src/Illuminate/Support/Facades/Facade.php:258
Stack trace:
#0 /Users/lss/Developer/asicseller/vendor/laravel/framework/src/Illuminate/Foundation/Exceptions/Handler.php(426): Illuminate\Support\Facades\Facade::__callStatic('replaceNamespac...', Array)
#1 /Users/lss/Developer/asicseller/vendor/laravel/framework/src/Illuminate/Foundation/Exceptions/Handler.php(403): Illuminate\Foundation\Exceptions\Handler->registerErrorViewPaths()
#2 /Users/lss/Developer/asicseller/vendor/laravel/framework/src/Illuminate/Foundation/Exceptions/Handler.php(314): Illuminate\Foundation\Exceptions\Handler->renderHttpException(Object(Symfony\Component\HttpKernel\Exception\HttpException))
#3 /Users/lss/Developer/asicseller/vendor/laravel/framework/src/Illuminate/Foundation/Exceptions/Handler.php(211): Illuminate\Foundation\Exceptions\Handler->prepareResponse(Object(Illuminate\Http\Request), Object(Symfony\Component\Ht in /Users/lss/Developer/asicseller/vendor/laravel/framework/src/Illuminate/Support/Facades/Facade.php on line 258
[17-Jan-2022 10:10:10 UTC] PHP Fatal error:  Uncaught RuntimeException: A facade root has not been set. in /Users/lss/Developer/asicseller/vendor/laravel/framework/src/Illuminate/Support/Facades/Facade.php:258
Stack trace:
#0 /Users/lss/Developer/asicseller/vendor/laravel/framework/src/Illuminate/Foundation/Exceptions/Handler.php(426): Illuminate\Support\Facades\Facade::__callStatic('replaceNamespac...', Array)
#1 /Users/lss/Developer/asicseller/vendor/laravel/framework/src/Illuminate/Foundation/Exceptions/Handler.php(403): Illuminate\Foundation\Exceptions\Handler->registerErrorViewPaths()
#2 /Users/lss/Developer/asicseller/vendor/laravel/framework/src/Illuminate/Foundation/Exceptions/Handler.php(314): Illuminate\Foundation\Exceptions\Handler->renderHttpException(Object(Symfony\Component\HttpKernel\Exception\HttpException))
#3 /Users/lss/Developer/asicseller/vendor/laravel/framework/src/Illuminate/Foundation/Exceptions/Handler.php(211): Illuminate\Foundation\Exceptions\Handler->prepareResponse(Object(Illuminate\Http\Request), Object(Symfony\Component\Ht in /Users/lss/Developer/asicseller/vendor/laravel/framework/src/Illuminate/Support/Facades/Facade.php on line 258
[17-Jan-2022 10:11:06 UTC] PHP Fatal error:  Uncaught RuntimeException: A facade root has not been set. in /Users/lss/Developer/asicseller/vendor/laravel/framework/src/Illuminate/Support/Facades/Facade.php:258
Stack trace:
#0 /Users/lss/Developer/asicseller/vendor/laravel/framework/src/Illuminate/Foundation/Exceptions/Handler.php(426): Illuminate\Support\Facades\Facade::__callStatic('replaceNamespac...', Array)
#1 /Users/lss/Developer/asicseller/vendor/laravel/framework/src/Illuminate/Foundation/Exceptions/Handler.php(403): Illuminate\Foundation\Exceptions\Handler->registerErrorViewPaths()
#2 /Users/lss/Developer/asicseller/vendor/laravel/framework/src/Illuminate/Foundation/Exceptions/Handler.php(314): Illuminate\Foundation\Exceptions\Handler->renderHttpException(Object(Symfony\Component\HttpKernel\Exception\HttpException))
#3 /Users/lss/Developer/asicseller/vendor/laravel/framework/src/Illuminate/Foundation/Exceptions/Handler.php(211): Illuminate\Foundation\Exceptions\Handler->prepareResponse(Object(Illuminate\Http\Request), Object(Symfony\Component\Ht in /Users/lss/Developer/asicseller/vendor/laravel/framework/src/Illuminate/Support/Facades/Facade.php on line 258
[17-Jan-2022 10:13:34 UTC] PHP Fatal error:  Uncaught RuntimeException: A facade root has not been set. in /Users/lss/Developer/asicseller/vendor/laravel/framework/src/Illuminate/Support/Facades/Facade.php:258
Stack trace:
#0 /Users/lss/Developer/asicseller/vendor/laravel/framework/src/Illuminate/Foundation/Exceptions/Handler.php(426): Illuminate\Support\Facades\Facade::__callStatic('replaceNamespac...', Array)
#1 /Users/lss/Developer/asicseller/vendor/laravel/framework/src/Illuminate/Foundation/Exceptions/Handler.php(403): Illuminate\Foundation\Exceptions\Handler->registerErrorViewPaths()
#2 /Users/lss/Developer/asicseller/vendor/laravel/framework/src/Illuminate/Foundation/Exceptions/Handler.php(314): Illuminate\Foundation\Exceptions\Handler->renderHttpException(Object(Symfony\Component\HttpKernel\Exception\HttpException))
#3 /Users/lss/Developer/asicseller/vendor/laravel/framework/src/Illuminate/Foundation/Exceptions/Handler.php(211): Illuminate\Foundation\Exceptions\Handler->prepareResponse(Object(Illuminate\Http\Request), Object(Symfony\Component\Ht in /Users/lss/Developer/asicseller/vendor/laravel/framework/src/Illuminate/Support/Facades/Facade.php on line 258
[17-Jan-2022 10:13:35 UTC] PHP Fatal error:  Uncaught RuntimeException: A facade root has not been set. in /Users/lss/Developer/asicseller/vendor/laravel/framework/src/Illuminate/Support/Facades/Facade.php:258
Stack trace:
#0 /Users/lss/Developer/asicseller/vendor/laravel/framework/src/Illuminate/Foundation/Exceptions/Handler.php(426): Illuminate\Support\Facades\Facade::__callStatic('replaceNamespac...', Array)
#1 /Users/lss/Developer/asicseller/vendor/laravel/framework/src/Illuminate/Foundation/Exceptions/Handler.php(403): Illuminate\Foundation\Exceptions\Handler->registerErrorViewPaths()
#2 /Users/lss/Developer/asicseller/vendor/laravel/framework/src/Illuminate/Foundation/Exceptions/Handler.php(314): Illuminate\Foundation\Exceptions\Handler->renderHttpException(Object(Symfony\Component\HttpKernel\Exception\HttpException))
#3 /Users/lss/Developer/asicseller/vendor/laravel/framework/src/Illuminate/Foundation/Exceptions/Handler.php(211): Illuminate\Foundation\Exceptions\Handler->prepareResponse(Object(Illuminate\Http\Request), Object(Symfony\Component\Ht in /Users/lss/Developer/asicseller/vendor/laravel/framework/src/Illuminate/Support/Facades/Facade.php on line 258
[17-Jan-2022 10:13:35 UTC] PHP Fatal error:  Uncaught RuntimeException: A facade root has not been set. in /Users/lss/Developer/asicseller/vendor/laravel/framework/src/Illuminate/Support/Facades/Facade.php:258
Stack trace:
#0 /Users/lss/Developer/asicseller/vendor/laravel/framework/src/Illuminate/Foundation/Exceptions/Handler.php(426): Illuminate\Support\Facades\Facade::__callStatic('replaceNamespac...', Array)
#1 /Users/lss/Developer/asicseller/vendor/laravel/framework/src/Illuminate/Foundation/Exceptions/Handler.php(403): Illuminate\Foundation\Exceptions\Handler->registerErrorViewPaths()
#2 /Users/lss/Developer/asicseller/vendor/laravel/framework/src/Illuminate/Foundation/Exceptions/Handler.php(314): Illuminate\Foundation\Exceptions\Handler->renderHttpException(Object(Symfony\Component\HttpKernel\Exception\HttpException))
#3 /Users/lss/Developer/asicseller/vendor/laravel/framework/src/Illuminate/Foundation/Exceptions/Handler.php(211): Illuminate\Foundation\Exceptions\Handler->prepareResponse(Object(Illuminate\Http\Request), Object(Symfony\Component\Ht in /Users/lss/Developer/asicseller/vendor/laravel/framework/src/Illuminate/Support/Facades/Facade.php on line 258
[17-Jan-2022 10:13:35 UTC] PHP Fatal error:  Uncaught RuntimeException: A facade root has not been set. in /Users/lss/Developer/asicseller/vendor/laravel/framework/src/Illuminate/Support/Facades/Facade.php:258
Stack trace:
#0 /Users/lss/Developer/asicseller/vendor/laravel/framework/src/Illuminate/Foundation/Exceptions/Handler.php(426): Illuminate\Support\Facades\Facade::__callStatic('replaceNamespac...', Array)
#1 /Users/lss/Developer/asicseller/vendor/laravel/framework/src/Illuminate/Foundation/Exceptions/Handler.php(403): Illuminate\Foundation\Exceptions\Handler->registerErrorViewPaths()
#2 /Users/lss/Developer/asicseller/vendor/laravel/framework/src/Illuminate/Foundation/Exceptions/Handler.php(314): Illuminate\Foundation\Exceptions\Handler->renderHttpException(Object(Symfony\Component\HttpKernel\Exception\HttpException))
#3 /Users/lss/Developer/asicseller/vendor/laravel/framework/src/Illuminate/Foundation/Exceptions/Handler.php(211): Illuminate\Foundation\Exceptions\Handler->prepareResponse(Object(Illuminate\Http\Request), Object(Symfony\Component\Ht in /Users/lss/Developer/asicseller/vendor/laravel/framework/src/Illuminate/Support/Facades/Facade.php on line 258
[17-Jan-2022 10:13:35 UTC] PHP Fatal error:  Uncaught RuntimeException: A facade root has not been set. in /Users/lss/Developer/asicseller/vendor/laravel/framework/src/Illuminate/Support/Facades/Facade.php:258
Stack trace:
#0 /Users/lss/Developer/asicseller/vendor/laravel/framework/src/Illuminate/Foundation/Exceptions/Handler.php(426): Illuminate\Support\Facades\Facade::__callStatic('replaceNamespac...', Array)
#1 /Users/lss/Developer/asicseller/vendor/laravel/framework/src/Illuminate/Foundation/Exceptions/Handler.php(403): Illuminate\Foundation\Exceptions\Handler->registerErrorViewPaths()
#2 /Users/lss/Developer/asicseller/vendor/laravel/framework/src/Illuminate/Foundation/Exceptions/Handler.php(314): Illuminate\Foundation\Exceptions\Handler->renderHttpException(Object(Symfony\Component\HttpKernel\Exception\HttpException))
#3 /Users/lss/Developer/asicseller/vendor/laravel/framework/src/Illuminate/Foundation/Exceptions/Handler.php(211): Illuminate\Foundation\Exceptions\Handler->prepareResponse(Object(Illuminate\Http\Request), Object(Symfony\Component\Ht in /Users/lss/Developer/asicseller/vendor/laravel/framework/src/Illuminate/Support/Facades/Facade.php on line 258
[17-Jan-2022 10:13:35 UTC] PHP Fatal error:  Uncaught RuntimeException: A facade root has not been set. in /Users/lss/Developer/asicseller/vendor/laravel/framework/src/Illuminate/Support/Facades/Facade.php:258
Stack trace:
#0 /Users/lss/Developer/asicseller/vendor/laravel/framework/src/Illuminate/Foundation/Exceptions/Handler.php(426): Illuminate\Support\Facades\Facade::__callStatic('replaceNamespac...', Array)
#1 /Users/lss/Developer/asicseller/vendor/laravel/framework/src/Illuminate/Foundation/Exceptions/Handler.php(403): Illuminate\Foundation\Exceptions\Handler->registerErrorViewPaths()
#2 /Users/lss/Developer/asicseller/vendor/laravel/framework/src/Illuminate/Foundation/Exceptions/Handler.php(314): Illuminate\Foundation\Exceptions\Handler->renderHttpException(Object(Symfony\Component\HttpKernel\Exception\HttpException))
#3 /Users/lss/Developer/asicseller/vendor/laravel/framework/src/Illuminate/Foundation/Exceptions/Handler.php(211): Illuminate\Foundation\Exceptions\Handler->prepareResponse(Object(Illuminate\Http\Request), Object(Symfony\Component\Ht in /Users/lss/Developer/asicseller/vendor/laravel/framework/src/Illuminate/Support/Facades/Facade.php on line 258
[18-Jan-2022 08:52:03 UTC] PHP Fatal error:  Cannot make static method Illuminate\Database\Eloquent\Model::deleting() non static in class App\Image in /Users/lss/Developer/asicseller/app/Image.php on line 0
[18-Jan-2022 08:53:40 UTC] PHP Fatal error:  Cannot make static method Illuminate\Database\Eloquent\Model::deleting() non static in class App\Image in /Users/lss/Developer/asicseller/app/Image.php on line 0
[18-Jan-2022 08:53:41 UTC] PHP Fatal error:  Cannot make static method Illuminate\Database\Eloquent\Model::deleting() non static in class App\Image in /Users/lss/Developer/asicseller/app/Image.php on line 0
[24-Jan-2022 13:49:37 UTC] PHP Fatal error:  Method Illuminate\Validation\Rules\In::__toString() must not throw an exception, caught ErrorException: Array to string conversion in /Users/lss/Developer/asicseller/vendor/laravel/framework/src/Illuminate/Validation/ValidationRuleParser.php on line 0
